[[34m2025-09-16T18:39:38.740-0400[0m] {[34mscheduler_job_runner.py:[0m797} INFO[0m - Starting the scheduler[0m
[[34m2025-09-16T18:39:38.742-0400[0m] {[34mscheduler_job_runner.py:[0m804} INFO[0m - Processing each file at most -1 times[0m
[[34m2025-09-16T18:39:38.747-0400[0m] {[34mmanager.py:[0m166} INFO[0m - Launched DagFileProcessorManager with pid: 566267[0m
[[34m2025-09-16T18:39:38.749-0400[0m] {[34mscheduler_job_runner.py:[0m1605} INFO[0m - Adopting or resetting orphaned tasks for active dag runs[0m
[[34m2025-09-16T18:39:38.753-0400[0m] {[34msettings.py:[0m61} INFO[0m - Configured default timezone Timezone('UTC')[0m
[2025-09-16T18:39:38.775-0400] {manager.py:410} WARNING - Because we cannot use more than 1 thread (parsing_processes = 2) when using sqlite. So we set parallelism to 1.
[[34m2025-09-16T18:41:00.302-0400[0m] {[34mdag.py:[0m3722} INFO[0m - Setting next_dagrun for courtlistener_pipeline to 2025-09-16T00:00:00+00:00, run_after=2025-09-17T00:00:00+00:00[0m
[[34m2025-09-16T18:41:00.368-0400[0m] {[34mscheduler_job_runner.py:[0m413} INFO[0m - 2 tasks up for execution:
	<TaskInstance: courtlistener_pipeline.check_rate_limit scheduled__2025-09-15T00:00:00+00:00 [scheduled]>
	<TaskInstance: courtlistener_pipeline.check_rate_limit manual__2025-09-16T22:40:52.894670+00:00 [scheduled]>[0m
[[34m2025-09-16T18:41:00.368-0400[0m] {[34mscheduler_job_runner.py:[0m476} INFO[0m - DAG courtlistener_pipeline has 0/16 running and queued tasks[0m
[[34m2025-09-16T18:41:00.368-0400[0m] {[34mscheduler_job_runner.py:[0m476} INFO[0m - DAG courtlistener_pipeline has 1/16 running and queued tasks[0m
[[34m2025-09-16T18:41:00.368-0400[0m] {[34mscheduler_job_runner.py:[0m592} INFO[0m - Setting the following tasks to queued state:
	<TaskInstance: courtlistener_pipeline.check_rate_limit scheduled__2025-09-15T00:00:00+00:00 [scheduled]>
	<TaskInstance: courtlistener_pipeline.check_rate_limit manual__2025-09-16T22:40:52.894670+00:00 [scheduled]>[0m
[[34m2025-09-16T18:41:00.370-0400[0m] {[34mtaskinstance.py:[0m1441} WARNING[0m - cannot record scheduled_duration for task check_rate_limit because previous state change time has not been saved[0m
[[34m2025-09-16T18:41:00.370-0400[0m] {[34mtaskinstance.py:[0m1441} WARNING[0m - cannot record scheduled_duration for task check_rate_limit because previous state change time has not been saved[0m
[[34m2025-09-16T18:41:00.371-0400[0m] {[34mscheduler_job_runner.py:[0m635} INFO[0m - Sending TaskInstanceKey(dag_id='courtlistener_pipeline', task_id='check_rate_limit', run_id='scheduled__2025-09-15T00:00:00+00:00', try_number=1, map_index=-1) to executor with priority 5 and queue default[0m
[[34m2025-09-16T18:41:00.371-0400[0m] {[34mbase_executor.py:[0m146} INFO[0m - Adding to queue: ['airflow', 'tasks', 'run', 'courtlistener_pipeline', 'check_rate_limit', 'scheduled__2025-09-15T00:00:00+00:00', '--local', '--subdir', 'DAGS_FOLDER/__pycache__/courtlistener_pipeline_dag.py'][0m
[[34m2025-09-16T18:41:00.372-0400[0m] {[34mscheduler_job_runner.py:[0m635} INFO[0m - Sending TaskInstanceKey(dag_id='courtlistener_pipeline', task_id='check_rate_limit', run_id='manual__2025-09-16T22:40:52.894670+00:00', try_number=1, map_index=-1) to executor with priority 5 and queue default[0m
[[34m2025-09-16T18:41:00.372-0400[0m] {[34mbase_executor.py:[0m146} INFO[0m - Adding to queue: ['airflow', 'tasks', 'run', 'courtlistener_pipeline', 'check_rate_limit', 'manual__2025-09-16T22:40:52.894670+00:00', '--local', '--subdir', 'DAGS_FOLDER/__pycache__/courtlistener_pipeline_dag.py'][0m
[[34m2025-09-16T18:41:00.378-0400[0m] {[34msequential_executor.py:[0m74} INFO[0m - Executing command: ['airflow', 'tasks', 'run', 'courtlistener_pipeline', 'check_rate_limit', 'scheduled__2025-09-15T00:00:00+00:00', '--local', '--subdir', 'DAGS_FOLDER/__pycache__/courtlistener_pipeline_dag.py'][0m
[[34m2025-09-16T18:41:01.145-0400[0m] {[34mdagbag.py:[0m536} INFO[0m - Filling up the DagBag from /root/lawlm/airflow/dags/__pycache__/courtlistener_pipeline_dag.py[0m
[[34m2025-09-16T18:41:06.838-0400[0m] {[34mconfig.py:[0m264} INFO[0m - ✅ Qdrant local connection successful: http://localhost:6333[0m
[[34m2025-09-16T18:41:06.838-0400[0m] {[34mconfig.py:[0m282} INFO[0m - ✅ Configuration validation passed[0m
[[34m2025-09-16T18:41:06.839-0400[0m] {[34mconfig.py:[0m372} INFO[0m - 📋 Using default configuration (no config file found)[0m
[[34m2025-09-16T18:41:06.970-0400[0m] {[34mtask_command.py:[0m416} INFO[0m - Running <TaskInstance: courtlistener_pipeline.check_rate_limit scheduled__2025-09-15T00:00:00+00:00 [queued]> on host LAPTOP-SA7523HO.localdomain[0m
[[34m2025-09-16T18:41:08.781-0400[0m] {[34msequential_executor.py:[0m74} INFO[0m - Executing command: ['airflow', 'tasks', 'run', 'courtlistener_pipeline', 'check_rate_limit', 'manual__2025-09-16T22:40:52.894670+00:00', '--local', '--subdir', 'DAGS_FOLDER/__pycache__/courtlistener_pipeline_dag.py'][0m
[[34m2025-09-16T18:41:09.506-0400[0m] {[34mdagbag.py:[0m536} INFO[0m - Filling up the DagBag from /root/lawlm/airflow/dags/__pycache__/courtlistener_pipeline_dag.py[0m
[[34m2025-09-16T18:41:15.262-0400[0m] {[34mconfig.py:[0m264} INFO[0m - ✅ Qdrant local connection successful: http://localhost:6333[0m
[[34m2025-09-16T18:41:15.262-0400[0m] {[34mconfig.py:[0m282} INFO[0m - ✅ Configuration validation passed[0m
[[34m2025-09-16T18:41:15.263-0400[0m] {[34mconfig.py:[0m372} INFO[0m - 📋 Using default configuration (no config file found)[0m
Changing /root/lawlm/airflow/logs/dag_id=courtlistener_pipeline/run_id=manual__2025-09-16T22:40:52.894670+00:00/task_id=check_rate_limit permission to 509
[[34m2025-09-16T18:41:15.385-0400[0m] {[34mtask_command.py:[0m416} INFO[0m - Running <TaskInstance: courtlistener_pipeline.check_rate_limit manual__2025-09-16T22:40:52.894670+00:00 [queued]> on host LAPTOP-SA7523HO.localdomain[0m
[[34m2025-09-16T18:41:17.261-0400[0m] {[34mscheduler_job_runner.py:[0m685} INFO[0m - Received executor event with state success for task instance TaskInstanceKey(dag_id='courtlistener_pipeline', task_id='check_rate_limit', run_id='scheduled__2025-09-15T00:00:00+00:00', try_number=1, map_index=-1)[0m
[[34m2025-09-16T18:41:17.261-0400[0m] {[34mscheduler_job_runner.py:[0m685} INFO[0m - Received executor event with state success for task instance TaskInstanceKey(dag_id='courtlistener_pipeline', task_id='check_rate_limit', run_id='manual__2025-09-16T22:40:52.894670+00:00', try_number=1, map_index=-1)[0m
[[34m2025-09-16T18:41:17.267-0400[0m] {[34mscheduler_job_runner.py:[0m722} INFO[0m - TaskInstance Finished: dag_id=courtlistener_pipeline, task_id=check_rate_limit, run_id=manual__2025-09-16T22:40:52.894670+00:00, map_index=-1, run_start_date=2025-09-16 22:41:15.434682+00:00, run_end_date=2025-09-16 22:41:15.632476+00:00, run_duration=0.197794, state=success, executor_state=success, try_number=1, max_tries=3, job_id=3, pool=courtlistener_api_pool, queue=default, priority_weight=5, operator=_PythonDecoratedOperator, queued_dttm=2025-09-16 22:41:00.369281+00:00, queued_by_job_id=1, pid=567772[0m
[[34m2025-09-16T18:41:17.268-0400[0m] {[34mscheduler_job_runner.py:[0m722} INFO[0m - TaskInstance Finished: dag_id=courtlistener_pipeline, task_id=check_rate_limit, run_id=scheduled__2025-09-15T00:00:00+00:00, map_index=-1, run_start_date=2025-09-16 22:41:07.021424+00:00, run_end_date=2025-09-16 22:41:07.200948+00:00, run_duration=0.179524, state=success, executor_state=success, try_number=1, max_tries=3, job_id=2, pool=courtlistener_api_pool, queue=default, priority_weight=5, operator=_PythonDecoratedOperator, queued_dttm=2025-09-16 22:41:00.369281+00:00, queued_by_job_id=1, pid=567743[0m
[[34m2025-09-16T18:41:17.345-0400[0m] {[34mscheduler_job_runner.py:[0m413} INFO[0m - 2 tasks up for execution:
	<TaskInstance: courtlistener_pipeline.get_existing_dockets scheduled__2025-09-15T00:00:00+00:00 [scheduled]>
	<TaskInstance: courtlistener_pipeline.get_existing_dockets manual__2025-09-16T22:40:52.894670+00:00 [scheduled]>[0m
[[34m2025-09-16T18:41:17.345-0400[0m] {[34mscheduler_job_runner.py:[0m476} INFO[0m - DAG courtlistener_pipeline has 0/16 running and queued tasks[0m
[[34m2025-09-16T18:41:17.345-0400[0m] {[34mscheduler_job_runner.py:[0m476} INFO[0m - DAG courtlistener_pipeline has 1/16 running and queued tasks[0m
[[34m2025-09-16T18:41:17.345-0400[0m] {[34mscheduler_job_runner.py:[0m592} INFO[0m - Setting the following tasks to queued state:
	<TaskInstance: courtlistener_pipeline.get_existing_dockets scheduled__2025-09-15T00:00:00+00:00 [scheduled]>
	<TaskInstance: courtlistener_pipeline.get_existing_dockets manual__2025-09-16T22:40:52.894670+00:00 [scheduled]>[0m
[[34m2025-09-16T18:41:17.346-0400[0m] {[34mtaskinstance.py:[0m1441} WARNING[0m - cannot record scheduled_duration for task get_existing_dockets because previous state change time has not been saved[0m
[[34m2025-09-16T18:41:17.346-0400[0m] {[34mtaskinstance.py:[0m1441} WARNING[0m - cannot record scheduled_duration for task get_existing_dockets because previous state change time has not been saved[0m
[[34m2025-09-16T18:41:17.347-0400[0m] {[34mscheduler_job_runner.py:[0m635} INFO[0m - Sending TaskInstanceKey(dag_id='courtlistener_pipeline', task_id='get_existing_dockets', run_id='scheduled__2025-09-15T00:00:00+00:00', try_number=1, map_index=-1) to executor with priority 4 and queue default[0m
[[34m2025-09-16T18:41:17.347-0400[0m] {[34mbase_executor.py:[0m146} INFO[0m - Adding to queue: ['airflow', 'tasks', 'run', 'courtlistener_pipeline', 'get_existing_dockets', 'scheduled__2025-09-15T00:00:00+00:00', '--local', '--subdir', 'DAGS_FOLDER/__pycache__/courtlistener_pipeline_dag.py'][0m
[[34m2025-09-16T18:41:17.347-0400[0m] {[34mscheduler_job_runner.py:[0m635} INFO[0m - Sending TaskInstanceKey(dag_id='courtlistener_pipeline', task_id='get_existing_dockets', run_id='manual__2025-09-16T22:40:52.894670+00:00', try_number=1, map_index=-1) to executor with priority 4 and queue default[0m
[[34m2025-09-16T18:41:17.347-0400[0m] {[34mbase_executor.py:[0m146} INFO[0m - Adding to queue: ['airflow', 'tasks', 'run', 'courtlistener_pipeline', 'get_existing_dockets', 'manual__2025-09-16T22:40:52.894670+00:00', '--local', '--subdir', 'DAGS_FOLDER/__pycache__/courtlistener_pipeline_dag.py'][0m
[[34m2025-09-16T18:41:17.357-0400[0m] {[34msequential_executor.py:[0m74} INFO[0m - Executing command: ['airflow', 'tasks', 'run', 'courtlistener_pipeline', 'get_existing_dockets', 'scheduled__2025-09-15T00:00:00+00:00', '--local', '--subdir', 'DAGS_FOLDER/__pycache__/courtlistener_pipeline_dag.py'][0m
[[34m2025-09-16T18:41:18.168-0400[0m] {[34mdagbag.py:[0m536} INFO[0m - Filling up the DagBag from /root/lawlm/airflow/dags/__pycache__/courtlistener_pipeline_dag.py[0m
[[34m2025-09-16T18:41:24.061-0400[0m] {[34mconfig.py:[0m264} INFO[0m - ✅ Qdrant local connection successful: http://localhost:6333[0m
[[34m2025-09-16T18:41:24.061-0400[0m] {[34mconfig.py:[0m282} INFO[0m - ✅ Configuration validation passed[0m
[[34m2025-09-16T18:41:24.062-0400[0m] {[34mconfig.py:[0m372} INFO[0m - 📋 Using default configuration (no config file found)[0m
[[34m2025-09-16T18:41:24.196-0400[0m] {[34mtask_command.py:[0m416} INFO[0m - Running <TaskInstance: courtlistener_pipeline.get_existing_dockets scheduled__2025-09-15T00:00:00+00:00 [queued]> on host LAPTOP-SA7523HO.localdomain[0m
[[34m2025-09-16T18:41:28.248-0400[0m] {[34msequential_executor.py:[0m74} INFO[0m - Executing command: ['airflow', 'tasks', 'run', 'courtlistener_pipeline', 'get_existing_dockets', 'manual__2025-09-16T22:40:52.894670+00:00', '--local', '--subdir', 'DAGS_FOLDER/__pycache__/courtlistener_pipeline_dag.py'][0m
[[34m2025-09-16T18:41:29.052-0400[0m] {[34mdagbag.py:[0m536} INFO[0m - Filling up the DagBag from /root/lawlm/airflow/dags/__pycache__/courtlistener_pipeline_dag.py[0m
[[34m2025-09-16T18:41:34.515-0400[0m] {[34mconfig.py:[0m264} INFO[0m - ✅ Qdrant local connection successful: http://localhost:6333[0m
[[34m2025-09-16T18:41:34.515-0400[0m] {[34mconfig.py:[0m282} INFO[0m - ✅ Configuration validation passed[0m
[[34m2025-09-16T18:41:34.516-0400[0m] {[34mconfig.py:[0m372} INFO[0m - 📋 Using default configuration (no config file found)[0m
Changing /root/lawlm/airflow/logs/dag_id=courtlistener_pipeline/run_id=manual__2025-09-16T22:40:52.894670+00:00/task_id=get_existing_dockets permission to 509
[[34m2025-09-16T18:41:34.625-0400[0m] {[34mtask_command.py:[0m416} INFO[0m - Running <TaskInstance: courtlistener_pipeline.get_existing_dockets manual__2025-09-16T22:40:52.894670+00:00 [queued]> on host LAPTOP-SA7523HO.localdomain[0m
[[34m2025-09-16T18:41:38.399-0400[0m] {[34mscheduler_job_runner.py:[0m685} INFO[0m - Received executor event with state success for task instance TaskInstanceKey(dag_id='courtlistener_pipeline', task_id='get_existing_dockets', run_id='scheduled__2025-09-15T00:00:00+00:00', try_number=1, map_index=-1)[0m
[[34m2025-09-16T18:41:38.399-0400[0m] {[34mscheduler_job_runner.py:[0m685} INFO[0m - Received executor event with state success for task instance TaskInstanceKey(dag_id='courtlistener_pipeline', task_id='get_existing_dockets', run_id='manual__2025-09-16T22:40:52.894670+00:00', try_number=1, map_index=-1)[0m
[[34m2025-09-16T18:41:38.403-0400[0m] {[34mscheduler_job_runner.py:[0m722} INFO[0m - TaskInstance Finished: dag_id=courtlistener_pipeline, task_id=get_existing_dockets, run_id=manual__2025-09-16T22:40:52.894670+00:00, map_index=-1, run_start_date=2025-09-16 22:41:34.666252+00:00, run_end_date=2025-09-16 22:41:36.897724+00:00, run_duration=2.231472, state=success, executor_state=success, try_number=1, max_tries=3, job_id=5, pool=courtlistener_api_pool, queue=default, priority_weight=4, operator=_PythonDecoratedOperator, queued_dttm=2025-09-16 22:41:17.345897+00:00, queued_by_job_id=1, pid=567838[0m
[[34m2025-09-16T18:41:38.403-0400[0m] {[34mscheduler_job_runner.py:[0m722} INFO[0m - TaskInstance Finished: dag_id=courtlistener_pipeline, task_id=get_existing_dockets, run_id=scheduled__2025-09-15T00:00:00+00:00, map_index=-1, run_start_date=2025-09-16 22:41:24.243091+00:00, run_end_date=2025-09-16 22:41:26.448049+00:00, run_duration=2.204958, state=success, executor_state=success, try_number=1, max_tries=3, job_id=4, pool=courtlistener_api_pool, queue=default, priority_weight=4, operator=_PythonDecoratedOperator, queued_dttm=2025-09-16 22:41:17.345897+00:00, queued_by_job_id=1, pid=567809[0m
[[34m2025-09-16T18:41:44.799-0400[0m] {[34mscheduler_job_runner.py:[0m413} INFO[0m - 2 tasks up for execution:
	<TaskInstance: courtlistener_pipeline.fetch_new_dockets_for_processing scheduled__2025-09-15T00:00:00+00:00 [scheduled]>
	<TaskInstance: courtlistener_pipeline.fetch_new_dockets_for_processing manual__2025-09-16T22:40:52.894670+00:00 [scheduled]>[0m
[[34m2025-09-16T18:41:44.800-0400[0m] {[34mscheduler_job_runner.py:[0m476} INFO[0m - DAG courtlistener_pipeline has 0/16 running and queued tasks[0m
[[34m2025-09-16T18:41:44.800-0400[0m] {[34mscheduler_job_runner.py:[0m476} INFO[0m - DAG courtlistener_pipeline has 1/16 running and queued tasks[0m
[[34m2025-09-16T18:41:44.800-0400[0m] {[34mscheduler_job_runner.py:[0m592} INFO[0m - Setting the following tasks to queued state:
	<TaskInstance: courtlistener_pipeline.fetch_new_dockets_for_processing scheduled__2025-09-15T00:00:00+00:00 [scheduled]>
	<TaskInstance: courtlistener_pipeline.fetch_new_dockets_for_processing manual__2025-09-16T22:40:52.894670+00:00 [scheduled]>[0m
[[34m2025-09-16T18:41:44.801-0400[0m] {[34mtaskinstance.py:[0m1441} WARNING[0m - cannot record scheduled_duration for task fetch_new_dockets_for_processing because previous state change time has not been saved[0m
[[34m2025-09-16T18:41:44.801-0400[0m] {[34mtaskinstance.py:[0m1441} WARNING[0m - cannot record scheduled_duration for task fetch_new_dockets_for_processing because previous state change time has not been saved[0m
[[34m2025-09-16T18:41:44.802-0400[0m] {[34mscheduler_job_runner.py:[0m635} INFO[0m - Sending TaskInstanceKey(dag_id='courtlistener_pipeline', task_id='fetch_new_dockets_for_processing', run_id='scheduled__2025-09-15T00:00:00+00:00', try_number=1, map_index=-1) to executor with priority 3 and queue default[0m
[[34m2025-09-16T18:41:44.802-0400[0m] {[34mbase_executor.py:[0m146} INFO[0m - Adding to queue: ['airflow', 'tasks', 'run', 'courtlistener_pipeline', 'fetch_new_dockets_for_processing', 'scheduled__2025-09-15T00:00:00+00:00', '--local', '--subdir', 'DAGS_FOLDER/__pycache__/courtlistener_pipeline_dag.py'][0m
[[34m2025-09-16T18:41:44.802-0400[0m] {[34mscheduler_job_runner.py:[0m635} INFO[0m - Sending TaskInstanceKey(dag_id='courtlistener_pipeline', task_id='fetch_new_dockets_for_processing', run_id='manual__2025-09-16T22:40:52.894670+00:00', try_number=1, map_index=-1) to executor with priority 3 and queue default[0m
[[34m2025-09-16T18:41:44.802-0400[0m] {[34mbase_executor.py:[0m146} INFO[0m - Adding to queue: ['airflow', 'tasks', 'run', 'courtlistener_pipeline', 'fetch_new_dockets_for_processing', 'manual__2025-09-16T22:40:52.894670+00:00', '--local', '--subdir', 'DAGS_FOLDER/__pycache__/courtlistener_pipeline_dag.py'][0m
[[34m2025-09-16T18:41:44.809-0400[0m] {[34msequential_executor.py:[0m74} INFO[0m - Executing command: ['airflow', 'tasks', 'run', 'courtlistener_pipeline', 'fetch_new_dockets_for_processing', 'scheduled__2025-09-15T00:00:00+00:00', '--local', '--subdir', 'DAGS_FOLDER/__pycache__/courtlistener_pipeline_dag.py'][0m
[[34m2025-09-16T18:41:45.767-0400[0m] {[34mdagbag.py:[0m536} INFO[0m - Filling up the DagBag from /root/lawlm/airflow/dags/__pycache__/courtlistener_pipeline_dag.py[0m
[[34m2025-09-16T18:41:51.851-0400[0m] {[34mconfig.py:[0m264} INFO[0m - ✅ Qdrant local connection successful: http://localhost:6333[0m
[[34m2025-09-16T18:41:51.851-0400[0m] {[34mconfig.py:[0m282} INFO[0m - ✅ Configuration validation passed[0m
[[34m2025-09-16T18:41:51.852-0400[0m] {[34mconfig.py:[0m372} INFO[0m - 📋 Using default configuration (no config file found)[0m
[[34m2025-09-16T18:41:51.979-0400[0m] {[34mtask_command.py:[0m416} INFO[0m - Running <TaskInstance: courtlistener_pipeline.fetch_new_dockets_for_processing scheduled__2025-09-15T00:00:00+00:00 [queued]> on host LAPTOP-SA7523HO.localdomain[0m
[[34m2025-09-16T18:41:56.682-0400[0m] {[34msequential_executor.py:[0m74} INFO[0m - Executing command: ['airflow', 'tasks', 'run', 'courtlistener_pipeline', 'fetch_new_dockets_for_processing', 'manual__2025-09-16T22:40:52.894670+00:00', '--local', '--subdir', 'DAGS_FOLDER/__pycache__/courtlistener_pipeline_dag.py'][0m
[[34m2025-09-16T18:41:57.489-0400[0m] {[34mdagbag.py:[0m536} INFO[0m - Filling up the DagBag from /root/lawlm/airflow/dags/__pycache__/courtlistener_pipeline_dag.py[0m
[[34m2025-09-16T18:42:03.232-0400[0m] {[34mconfig.py:[0m264} INFO[0m - ✅ Qdrant local connection successful: http://localhost:6333[0m
[[34m2025-09-16T18:42:03.232-0400[0m] {[34mconfig.py:[0m282} INFO[0m - ✅ Configuration validation passed[0m
[[34m2025-09-16T18:42:03.233-0400[0m] {[34mconfig.py:[0m372} INFO[0m - 📋 Using default configuration (no config file found)[0m
Changing /root/lawlm/airflow/logs/dag_id=courtlistener_pipeline/run_id=manual__2025-09-16T22:40:52.894670+00:00/task_id=fetch_new_dockets_for_processing permission to 509
[[34m2025-09-16T18:42:03.367-0400[0m] {[34mtask_command.py:[0m416} INFO[0m - Running <TaskInstance: courtlistener_pipeline.fetch_new_dockets_for_processing manual__2025-09-16T22:40:52.894670+00:00 [None]> on host LAPTOP-SA7523HO.localdomain[0m
[[34m2025-09-16T18:42:05.171-0400[0m] {[34mscheduler_job_runner.py:[0m685} INFO[0m - Received executor event with state success for task instance TaskInstanceKey(dag_id='courtlistener_pipeline', task_id='fetch_new_dockets_for_processing', run_id='scheduled__2025-09-15T00:00:00+00:00', try_number=1, map_index=-1)[0m
[[34m2025-09-16T18:42:05.171-0400[0m] {[34mscheduler_job_runner.py:[0m685} INFO[0m - Received executor event with state success for task instance TaskInstanceKey(dag_id='courtlistener_pipeline', task_id='fetch_new_dockets_for_processing', run_id='manual__2025-09-16T22:40:52.894670+00:00', try_number=1, map_index=-1)[0m
[[34m2025-09-16T18:42:05.179-0400[0m] {[34mscheduler_job_runner.py:[0m722} INFO[0m - TaskInstance Finished: dag_id=courtlistener_pipeline, task_id=fetch_new_dockets_for_processing, run_id=manual__2025-09-16T22:40:52.894670+00:00, map_index=-1, run_start_date=None, run_end_date=None, run_duration=None, state=None, executor_state=success, try_number=1, max_tries=3, job_id=None, pool=courtlistener_api_pool, queue=default, priority_weight=3, operator=_PythonDecoratedOperator, queued_dttm=2025-09-16 22:41:44.801186+00:00, queued_by_job_id=1, pid=None[0m
[[34m2025-09-16T18:42:05.180-0400[0m] {[34mscheduler_job_runner.py:[0m722} INFO[0m - TaskInstance Finished: dag_id=courtlistener_pipeline, task_id=fetch_new_dockets_for_processing, run_id=scheduled__2025-09-15T00:00:00+00:00, map_index=-1, run_start_date=2025-09-16 22:41:52.026672+00:00, run_end_date=2025-09-16 22:41:54.924474+00:00, run_duration=2.897802, state=success, executor_state=success, try_number=1, max_tries=3, job_id=6, pool=courtlistener_api_pool, queue=default, priority_weight=3, operator=_PythonDecoratedOperator, queued_dttm=2025-09-16 22:41:44.801186+00:00, queued_by_job_id=1, pid=567905[0m
[[34m2025-09-16T18:42:05.327-0400[0m] {[34mscheduler_job_runner.py:[0m413} INFO[0m - 11 tasks up for execution:
	<TaskInstance: courtlistener_pipeline.get_existing_dockets manual__2025-09-16T22:40:52.894670+00:00 [scheduled]>
	<TaskInstance: courtlistener_pipeline.process_single_docket_with_main_pipeline scheduled__2025-09-15T00:00:00+00:00 map_index=0 [scheduled]>
	<TaskInstance: courtlistener_pipeline.process_single_docket_with_main_pipeline scheduled__2025-09-15T00:00:00+00:00 map_index=1 [scheduled]>
	<TaskInstance: courtlistener_pipeline.process_single_docket_with_main_pipeline scheduled__2025-09-15T00:00:00+00:00 map_index=2 [scheduled]>
	<TaskInstance: courtlistener_pipeline.process_single_docket_with_main_pipeline scheduled__2025-09-15T00:00:00+00:00 map_index=3 [scheduled]>
	<TaskInstance: courtlistener_pipeline.process_single_docket_with_main_pipeline scheduled__2025-09-15T00:00:00+00:00 map_index=4 [scheduled]>
	<TaskInstance: courtlistener_pipeline.process_single_docket_with_main_pipeline scheduled__2025-09-15T00:00:00+00:00 map_index=5 [scheduled]>
	<TaskInstance: courtlistener_pipeline.process_single_docket_with_main_pipeline scheduled__2025-09-15T00:00:00+00:00 map_index=6 [scheduled]>
	<TaskInstance: courtlistener_pipeline.process_single_docket_with_main_pipeline scheduled__2025-09-15T00:00:00+00:00 map_index=7 [scheduled]>
	<TaskInstance: courtlistener_pipeline.process_single_docket_with_main_pipeline scheduled__2025-09-15T00:00:00+00:00 map_index=8 [scheduled]>
	<TaskInstance: courtlistener_pipeline.process_single_docket_with_main_pipeline scheduled__2025-09-15T00:00:00+00:00 map_index=9 [scheduled]>[0m
[[34m2025-09-16T18:42:05.328-0400[0m] {[34mscheduler_job_runner.py:[0m476} INFO[0m - DAG courtlistener_pipeline has 0/16 running and queued tasks[0m
[[34m2025-09-16T18:42:05.328-0400[0m] {[34mscheduler_job_runner.py:[0m476} INFO[0m - DAG courtlistener_pipeline has 1/16 running and queued tasks[0m
[[34m2025-09-16T18:42:05.328-0400[0m] {[34mscheduler_job_runner.py:[0m476} INFO[0m - DAG courtlistener_pipeline has 2/16 running and queued tasks[0m
[[34m2025-09-16T18:42:05.328-0400[0m] {[34mscheduler_job_runner.py:[0m476} INFO[0m - DAG courtlistener_pipeline has 3/16 running and queued tasks[0m
[[34m2025-09-16T18:42:05.328-0400[0m] {[34mscheduler_job_runner.py:[0m476} INFO[0m - DAG courtlistener_pipeline has 4/16 running and queued tasks[0m
[[34m2025-09-16T18:42:05.328-0400[0m] {[34mscheduler_job_runner.py:[0m476} INFO[0m - DAG courtlistener_pipeline has 5/16 running and queued tasks[0m
[[34m2025-09-16T18:42:05.328-0400[0m] {[34mscheduler_job_runner.py:[0m476} INFO[0m - DAG courtlistener_pipeline has 6/16 running and queued tasks[0m
[[34m2025-09-16T18:42:05.328-0400[0m] {[34mscheduler_job_runner.py:[0m476} INFO[0m - DAG courtlistener_pipeline has 7/16 running and queued tasks[0m
[[34m2025-09-16T18:42:05.328-0400[0m] {[34mscheduler_job_runner.py:[0m476} INFO[0m - DAG courtlistener_pipeline has 8/16 running and queued tasks[0m
[[34m2025-09-16T18:42:05.328-0400[0m] {[34mscheduler_job_runner.py:[0m476} INFO[0m - DAG courtlistener_pipeline has 9/16 running and queued tasks[0m
[[34m2025-09-16T18:42:05.328-0400[0m] {[34mscheduler_job_runner.py:[0m431} INFO[0m - Not scheduling since there are 0 open slots in pool courtlistener_api_pool[0m
[[34m2025-09-16T18:42:05.328-0400[0m] {[34mscheduler_job_runner.py:[0m592} INFO[0m - Setting the following tasks to queued state:
	<TaskInstance: courtlistener_pipeline.get_existing_dockets manual__2025-09-16T22:40:52.894670+00:00 [scheduled]>
	<TaskInstance: courtlistener_pipeline.process_single_docket_with_main_pipeline scheduled__2025-09-15T00:00:00+00:00 map_index=0 [scheduled]>
	<TaskInstance: courtlistener_pipeline.process_single_docket_with_main_pipeline scheduled__2025-09-15T00:00:00+00:00 map_index=1 [scheduled]>
	<TaskInstance: courtlistener_pipeline.process_single_docket_with_main_pipeline scheduled__2025-09-15T00:00:00+00:00 map_index=2 [scheduled]>
	<TaskInstance: courtlistener_pipeline.process_single_docket_with_main_pipeline scheduled__2025-09-15T00:00:00+00:00 map_index=3 [scheduled]>
	<TaskInstance: courtlistener_pipeline.process_single_docket_with_main_pipeline scheduled__2025-09-15T00:00:00+00:00 map_index=4 [scheduled]>
	<TaskInstance: courtlistener_pipeline.process_single_docket_with_main_pipeline scheduled__2025-09-15T00:00:00+00:00 map_index=5 [scheduled]>
	<TaskInstance: courtlistener_pipeline.process_single_docket_with_main_pipeline scheduled__2025-09-15T00:00:00+00:00 map_index=6 [scheduled]>
	<TaskInstance: courtlistener_pipeline.process_single_docket_with_main_pipeline scheduled__2025-09-15T00:00:00+00:00 map_index=7 [scheduled]>
	<TaskInstance: courtlistener_pipeline.process_single_docket_with_main_pipeline scheduled__2025-09-15T00:00:00+00:00 map_index=8 [scheduled]>[0m
[[34m2025-09-16T18:42:05.330-0400[0m] {[34mtaskinstance.py:[0m1441} WARNING[0m - cannot record scheduled_duration for task process_single_docket_with_main_pipeline because previous state change time has not been saved[0m
[[34m2025-09-16T18:42:05.330-0400[0m] {[34mtaskinstance.py:[0m1441} WARNING[0m - cannot record scheduled_duration for task process_single_docket_with_main_pipeline because previous state change time has not been saved[0m
[[34m2025-09-16T18:42:05.330-0400[0m] {[34mtaskinstance.py:[0m1441} WARNING[0m - cannot record scheduled_duration for task process_single_docket_with_main_pipeline because previous state change time has not been saved[0m
[[34m2025-09-16T18:42:05.330-0400[0m] {[34mtaskinstance.py:[0m1441} WARNING[0m - cannot record scheduled_duration for task process_single_docket_with_main_pipeline because previous state change time has not been saved[0m
[[34m2025-09-16T18:42:05.330-0400[0m] {[34mtaskinstance.py:[0m1441} WARNING[0m - cannot record scheduled_duration for task process_single_docket_with_main_pipeline because previous state change time has not been saved[0m
[[34m2025-09-16T18:42:05.330-0400[0m] {[34mtaskinstance.py:[0m1441} WARNING[0m - cannot record scheduled_duration for task process_single_docket_with_main_pipeline because previous state change time has not been saved[0m
[[34m2025-09-16T18:42:05.330-0400[0m] {[34mtaskinstance.py:[0m1441} WARNING[0m - cannot record scheduled_duration for task process_single_docket_with_main_pipeline because previous state change time has not been saved[0m
[[34m2025-09-16T18:42:05.330-0400[0m] {[34mtaskinstance.py:[0m1441} WARNING[0m - cannot record scheduled_duration for task process_single_docket_with_main_pipeline because previous state change time has not been saved[0m
[[34m2025-09-16T18:42:05.330-0400[0m] {[34mtaskinstance.py:[0m1441} WARNING[0m - cannot record scheduled_duration for task process_single_docket_with_main_pipeline because previous state change time has not been saved[0m
[[34m2025-09-16T18:42:05.331-0400[0m] {[34mscheduler_job_runner.py:[0m635} INFO[0m - Sending TaskInstanceKey(dag_id='courtlistener_pipeline', task_id='get_existing_dockets', run_id='manual__2025-09-16T22:40:52.894670+00:00', try_number=2, map_index=-1) to executor with priority 4 and queue default[0m
[[34m2025-09-16T18:42:05.331-0400[0m] {[34mbase_executor.py:[0m146} INFO[0m - Adding to queue: ['airflow', 'tasks', 'run', 'courtlistener_pipeline', 'get_existing_dockets', 'manual__2025-09-16T22:40:52.894670+00:00', '--local', '--subdir', 'DAGS_FOLDER/__pycache__/courtlistener_pipeline_dag.py'][0m
[[34m2025-09-16T18:42:05.331-0400[0m] {[34mscheduler_job_runner.py:[0m635} INFO[0m - Sending TaskInstanceKey(dag_id='courtlistener_pipeline', task_id='process_single_docket_with_main_pipeline', run_id='scheduled__2025-09-15T00:00:00+00:00', try_number=1, map_index=0) to executor with priority 2 and queue default[0m
[[34m2025-09-16T18:42:05.331-0400[0m] {[34mbase_executor.py:[0m146} INFO[0m - Adding to queue: ['airflow', 'tasks', 'run', 'courtlistener_pipeline', 'process_single_docket_with_main_pipeline', 'scheduled__2025-09-15T00:00:00+00:00', '--local', '--subdir', 'DAGS_FOLDER/__pycache__/courtlistener_pipeline_dag.py', '--map-index', '0'][0m
[[34m2025-09-16T18:42:05.331-0400[0m] {[34mscheduler_job_runner.py:[0m635} INFO[0m - Sending TaskInstanceKey(dag_id='courtlistener_pipeline', task_id='process_single_docket_with_main_pipeline', run_id='scheduled__2025-09-15T00:00:00+00:00', try_number=1, map_index=1) to executor with priority 2 and queue default[0m
[[34m2025-09-16T18:42:05.331-0400[0m] {[34mbase_executor.py:[0m146} INFO[0m - Adding to queue: ['airflow', 'tasks', 'run', 'courtlistener_pipeline', 'process_single_docket_with_main_pipeline', 'scheduled__2025-09-15T00:00:00+00:00', '--local', '--subdir', 'DAGS_FOLDER/__pycache__/courtlistener_pipeline_dag.py', '--map-index', '1'][0m
[[34m2025-09-16T18:42:05.331-0400[0m] {[34mscheduler_job_runner.py:[0m635} INFO[0m - Sending TaskInstanceKey(dag_id='courtlistener_pipeline', task_id='process_single_docket_with_main_pipeline', run_id='scheduled__2025-09-15T00:00:00+00:00', try_number=1, map_index=2) to executor with priority 2 and queue default[0m
[[34m2025-09-16T18:42:05.331-0400[0m] {[34mbase_executor.py:[0m146} INFO[0m - Adding to queue: ['airflow', 'tasks', 'run', 'courtlistener_pipeline', 'process_single_docket_with_main_pipeline', 'scheduled__2025-09-15T00:00:00+00:00', '--local', '--subdir', 'DAGS_FOLDER/__pycache__/courtlistener_pipeline_dag.py', '--map-index', '2'][0m
[[34m2025-09-16T18:42:05.332-0400[0m] {[34mscheduler_job_runner.py:[0m635} INFO[0m - Sending TaskInstanceKey(dag_id='courtlistener_pipeline', task_id='process_single_docket_with_main_pipeline', run_id='scheduled__2025-09-15T00:00:00+00:00', try_number=1, map_index=3) to executor with priority 2 and queue default[0m
[[34m2025-09-16T18:42:05.332-0400[0m] {[34mbase_executor.py:[0m146} INFO[0m - Adding to queue: ['airflow', 'tasks', 'run', 'courtlistener_pipeline', 'process_single_docket_with_main_pipeline', 'scheduled__2025-09-15T00:00:00+00:00', '--local', '--subdir', 'DAGS_FOLDER/__pycache__/courtlistener_pipeline_dag.py', '--map-index', '3'][0m
[[34m2025-09-16T18:42:05.332-0400[0m] {[34mscheduler_job_runner.py:[0m635} INFO[0m - Sending TaskInstanceKey(dag_id='courtlistener_pipeline', task_id='process_single_docket_with_main_pipeline', run_id='scheduled__2025-09-15T00:00:00+00:00', try_number=1, map_index=4) to executor with priority 2 and queue default[0m
[[34m2025-09-16T18:42:05.332-0400[0m] {[34mbase_executor.py:[0m146} INFO[0m - Adding to queue: ['airflow', 'tasks', 'run', 'courtlistener_pipeline', 'process_single_docket_with_main_pipeline', 'scheduled__2025-09-15T00:00:00+00:00', '--local', '--subdir', 'DAGS_FOLDER/__pycache__/courtlistener_pipeline_dag.py', '--map-index', '4'][0m
[[34m2025-09-16T18:42:05.332-0400[0m] {[34mscheduler_job_runner.py:[0m635} INFO[0m - Sending TaskInstanceKey(dag_id='courtlistener_pipeline', task_id='process_single_docket_with_main_pipeline', run_id='scheduled__2025-09-15T00:00:00+00:00', try_number=1, map_index=5) to executor with priority 2 and queue default[0m
[[34m2025-09-16T18:42:05.332-0400[0m] {[34mbase_executor.py:[0m146} INFO[0m - Adding to queue: ['airflow', 'tasks', 'run', 'courtlistener_pipeline', 'process_single_docket_with_main_pipeline', 'scheduled__2025-09-15T00:00:00+00:00', '--local', '--subdir', 'DAGS_FOLDER/__pycache__/courtlistener_pipeline_dag.py', '--map-index', '5'][0m
[[34m2025-09-16T18:42:05.332-0400[0m] {[34mscheduler_job_runner.py:[0m635} INFO[0m - Sending TaskInstanceKey(dag_id='courtlistener_pipeline', task_id='process_single_docket_with_main_pipeline', run_id='scheduled__2025-09-15T00:00:00+00:00', try_number=1, map_index=6) to executor with priority 2 and queue default[0m
[[34m2025-09-16T18:42:05.332-0400[0m] {[34mbase_executor.py:[0m146} INFO[0m - Adding to queue: ['airflow', 'tasks', 'run', 'courtlistener_pipeline', 'process_single_docket_with_main_pipeline', 'scheduled__2025-09-15T00:00:00+00:00', '--local', '--subdir', 'DAGS_FOLDER/__pycache__/courtlistener_pipeline_dag.py', '--map-index', '6'][0m
[[34m2025-09-16T18:42:05.332-0400[0m] {[34mscheduler_job_runner.py:[0m635} INFO[0m - Sending TaskInstanceKey(dag_id='courtlistener_pipeline', task_id='process_single_docket_with_main_pipeline', run_id='scheduled__2025-09-15T00:00:00+00:00', try_number=1, map_index=7) to executor with priority 2 and queue default[0m
[[34m2025-09-16T18:42:05.333-0400[0m] {[34mbase_executor.py:[0m146} INFO[0m - Adding to queue: ['airflow', 'tasks', 'run', 'courtlistener_pipeline', 'process_single_docket_with_main_pipeline', 'scheduled__2025-09-15T00:00:00+00:00', '--local', '--subdir', 'DAGS_FOLDER/__pycache__/courtlistener_pipeline_dag.py', '--map-index', '7'][0m
[[34m2025-09-16T18:42:05.333-0400[0m] {[34mscheduler_job_runner.py:[0m635} INFO[0m - Sending TaskInstanceKey(dag_id='courtlistener_pipeline', task_id='process_single_docket_with_main_pipeline', run_id='scheduled__2025-09-15T00:00:00+00:00', try_number=1, map_index=8) to executor with priority 2 and queue default[0m
[[34m2025-09-16T18:42:05.333-0400[0m] {[34mbase_executor.py:[0m146} INFO[0m - Adding to queue: ['airflow', 'tasks', 'run', 'courtlistener_pipeline', 'process_single_docket_with_main_pipeline', 'scheduled__2025-09-15T00:00:00+00:00', '--local', '--subdir', 'DAGS_FOLDER/__pycache__/courtlistener_pipeline_dag.py', '--map-index', '8'][0m
[[34m2025-09-16T18:42:05.338-0400[0m] {[34msequential_executor.py:[0m74} INFO[0m - Executing command: ['airflow', 'tasks', 'run', 'courtlistener_pipeline', 'get_existing_dockets', 'manual__2025-09-16T22:40:52.894670+00:00', '--local', '--subdir', 'DAGS_FOLDER/__pycache__/courtlistener_pipeline_dag.py'][0m
[[34m2025-09-16T18:42:06.156-0400[0m] {[34mdagbag.py:[0m536} INFO[0m - Filling up the DagBag from /root/lawlm/airflow/dags/__pycache__/courtlistener_pipeline_dag.py[0m
[[34m2025-09-16T18:42:12.163-0400[0m] {[34mconfig.py:[0m264} INFO[0m - ✅ Qdrant local connection successful: http://localhost:6333[0m
[[34m2025-09-16T18:42:12.164-0400[0m] {[34mconfig.py:[0m282} INFO[0m - ✅ Configuration validation passed[0m
[[34m2025-09-16T18:42:12.164-0400[0m] {[34mconfig.py:[0m372} INFO[0m - 📋 Using default configuration (no config file found)[0m
[[34m2025-09-16T18:42:12.349-0400[0m] {[34mtask_command.py:[0m416} INFO[0m - Running <TaskInstance: courtlistener_pipeline.get_existing_dockets manual__2025-09-16T22:40:52.894670+00:00 [None]> on host LAPTOP-SA7523HO.localdomain[0m
[[34m2025-09-16T18:42:13.993-0400[0m] {[34msequential_executor.py:[0m74} INFO[0m - Executing command: ['airflow', 'tasks', 'run', 'courtlistener_pipeline', 'process_single_docket_with_main_pipeline', 'scheduled__2025-09-15T00:00:00+00:00', '--local', '--subdir', 'DAGS_FOLDER/__pycache__/courtlistener_pipeline_dag.py', '--map-index', '0'][0m
[[34m2025-09-16T18:42:14.976-0400[0m] {[34mdagbag.py:[0m536} INFO[0m - Filling up the DagBag from /root/lawlm/airflow/dags/__pycache__/courtlistener_pipeline_dag.py[0m
[[34m2025-09-16T18:42:20.801-0400[0m] {[34mconfig.py:[0m264} INFO[0m - ✅ Qdrant local connection successful: http://localhost:6333[0m
[[34m2025-09-16T18:42:20.801-0400[0m] {[34mconfig.py:[0m282} INFO[0m - ✅ Configuration validation passed[0m
[[34m2025-09-16T18:42:20.802-0400[0m] {[34mconfig.py:[0m372} INFO[0m - 📋 Using default configuration (no config file found)[0m
[[34m2025-09-16T18:42:20.906-0400[0m] {[34mtask_command.py:[0m416} INFO[0m - Running <TaskInstance: courtlistener_pipeline.process_single_docket_with_main_pipeline scheduled__2025-09-15T00:00:00+00:00 map_index=0 [queued]> on host LAPTOP-SA7523HO.localdomain[0m
[[34m2025-09-16T18:42:35.239-0400[0m] {[34msequential_executor.py:[0m74} INFO[0m - Executing command: ['airflow', 'tasks', 'run', 'courtlistener_pipeline', 'process_single_docket_with_main_pipeline', 'scheduled__2025-09-15T00:00:00+00:00', '--local', '--subdir', 'DAGS_FOLDER/__pycache__/courtlistener_pipeline_dag.py', '--map-index', '1'][0m
[[34m2025-09-16T18:42:36.095-0400[0m] {[34mdagbag.py:[0m536} INFO[0m - Filling up the DagBag from /root/lawlm/airflow/dags/__pycache__/courtlistener_pipeline_dag.py[0m
[[34m2025-09-16T18:42:41.804-0400[0m] {[34mconfig.py:[0m264} INFO[0m - ✅ Qdrant local connection successful: http://localhost:6333[0m
[[34m2025-09-16T18:42:41.805-0400[0m] {[34mconfig.py:[0m282} INFO[0m - ✅ Configuration validation passed[0m
[[34m2025-09-16T18:42:41.805-0400[0m] {[34mconfig.py:[0m372} INFO[0m - 📋 Using default configuration (no config file found)[0m
[[34m2025-09-16T18:42:41.910-0400[0m] {[34mtask_command.py:[0m416} INFO[0m - Running <TaskInstance: courtlistener_pipeline.process_single_docket_with_main_pipeline scheduled__2025-09-15T00:00:00+00:00 map_index=1 [queued]> on host LAPTOP-SA7523HO.localdomain[0m
[[34m2025-09-16T18:42:55.714-0400[0m] {[34msequential_executor.py:[0m74} INFO[0m - Executing command: ['airflow', 'tasks', 'run', 'courtlistener_pipeline', 'process_single_docket_with_main_pipeline', 'scheduled__2025-09-15T00:00:00+00:00', '--local', '--subdir', 'DAGS_FOLDER/__pycache__/courtlistener_pipeline_dag.py', '--map-index', '2'][0m
[[34m2025-09-16T18:42:56.478-0400[0m] {[34mdagbag.py:[0m536} INFO[0m - Filling up the DagBag from /root/lawlm/airflow/dags/__pycache__/courtlistener_pipeline_dag.py[0m
[[34m2025-09-16T18:43:02.522-0400[0m] {[34mconfig.py:[0m264} INFO[0m - ✅ Qdrant local connection successful: http://localhost:6333[0m
[[34m2025-09-16T18:43:02.523-0400[0m] {[34mconfig.py:[0m282} INFO[0m - ✅ Configuration validation passed[0m
[[34m2025-09-16T18:43:02.524-0400[0m] {[34mconfig.py:[0m372} INFO[0m - 📋 Using default configuration (no config file found)[0m
[[34m2025-09-16T18:43:02.703-0400[0m] {[34mtask_command.py:[0m416} INFO[0m - Running <TaskInstance: courtlistener_pipeline.process_single_docket_with_main_pipeline scheduled__2025-09-15T00:00:00+00:00 map_index=2 [queued]> on host LAPTOP-SA7523HO.localdomain[0m
[[34m2025-09-16T18:43:11.753-0400[0m] {[34msequential_executor.py:[0m74} INFO[0m - Executing command: ['airflow', 'tasks', 'run', 'courtlistener_pipeline', 'process_single_docket_with_main_pipeline', 'scheduled__2025-09-15T00:00:00+00:00', '--local', '--subdir', 'DAGS_FOLDER/__pycache__/courtlistener_pipeline_dag.py', '--map-index', '3'][0m
[[34m2025-09-16T18:43:12.642-0400[0m] {[34mdagbag.py:[0m536} INFO[0m - Filling up the DagBag from /root/lawlm/airflow/dags/__pycache__/courtlistener_pipeline_dag.py[0m
[[34m2025-09-16T18:43:18.497-0400[0m] {[34mconfig.py:[0m264} INFO[0m - ✅ Qdrant local connection successful: http://localhost:6333[0m
[[34m2025-09-16T18:43:18.498-0400[0m] {[34mconfig.py:[0m282} INFO[0m - ✅ Configuration validation passed[0m
[[34m2025-09-16T18:43:18.498-0400[0m] {[34mconfig.py:[0m372} INFO[0m - 📋 Using default configuration (no config file found)[0m
[[34m2025-09-16T18:43:18.622-0400[0m] {[34mtask_command.py:[0m416} INFO[0m - Running <TaskInstance: courtlistener_pipeline.process_single_docket_with_main_pipeline scheduled__2025-09-15T00:00:00+00:00 map_index=3 [queued]> on host LAPTOP-SA7523HO.localdomain[0m
[[34m2025-09-16T18:43:27.505-0400[0m] {[34msequential_executor.py:[0m74} INFO[0m - Executing command: ['airflow', 'tasks', 'run', 'courtlistener_pipeline', 'process_single_docket_with_main_pipeline', 'scheduled__2025-09-15T00:00:00+00:00', '--local', '--subdir', 'DAGS_FOLDER/__pycache__/courtlistener_pipeline_dag.py', '--map-index', '4'][0m
[[34m2025-09-16T18:43:28.333-0400[0m] {[34mdagbag.py:[0m536} INFO[0m - Filling up the DagBag from /root/lawlm/airflow/dags/__pycache__/courtlistener_pipeline_dag.py[0m
[[34m2025-09-16T18:43:34.628-0400[0m] {[34mconfig.py:[0m264} INFO[0m - ✅ Qdrant local connection successful: http://localhost:6333[0m
[[34m2025-09-16T18:43:34.629-0400[0m] {[34mconfig.py:[0m282} INFO[0m - ✅ Configuration validation passed[0m
[[34m2025-09-16T18:43:34.629-0400[0m] {[34mconfig.py:[0m372} INFO[0m - 📋 Using default configuration (no config file found)[0m
[[34m2025-09-16T18:43:34.751-0400[0m] {[34mtask_command.py:[0m416} INFO[0m - Running <TaskInstance: courtlistener_pipeline.process_single_docket_with_main_pipeline scheduled__2025-09-15T00:00:00+00:00 map_index=4 [queued]> on host LAPTOP-SA7523HO.localdomain[0m
[[34m2025-09-16T18:43:53.826-0400[0m] {[34msequential_executor.py:[0m74} INFO[0m - Executing command: ['airflow', 'tasks', 'run', 'courtlistener_pipeline', 'process_single_docket_with_main_pipeline', 'scheduled__2025-09-15T00:00:00+00:00', '--local', '--subdir', 'DAGS_FOLDER/__pycache__/courtlistener_pipeline_dag.py', '--map-index', '5'][0m
[[34m2025-09-16T18:43:54.721-0400[0m] {[34mdagbag.py:[0m536} INFO[0m - Filling up the DagBag from /root/lawlm/airflow/dags/__pycache__/courtlistener_pipeline_dag.py[0m
[[34m2025-09-16T18:44:00.037-0400[0m] {[34mconfig.py:[0m264} INFO[0m - ✅ Qdrant local connection successful: http://localhost:6333[0m
[[34m2025-09-16T18:44:00.038-0400[0m] {[34mconfig.py:[0m282} INFO[0m - ✅ Configuration validation passed[0m
[[34m2025-09-16T18:44:00.038-0400[0m] {[34mconfig.py:[0m372} INFO[0m - 📋 Using default configuration (no config file found)[0m
Changing /root/lawlm/airflow/logs/dag_id=courtlistener_pipeline/run_id=scheduled__2025-09-15T00:00:00+00:00/task_id=process_single_docket_with_main_pipeline/map_index=5 permission to 509
[[34m2025-09-16T18:44:00.143-0400[0m] {[34mtask_command.py:[0m416} INFO[0m - Running <TaskInstance: courtlistener_pipeline.process_single_docket_with_main_pipeline scheduled__2025-09-15T00:00:00+00:00 map_index=5 [queued]> on host LAPTOP-SA7523HO.localdomain[0m
[[34m2025-09-16T18:44:10.428-0400[0m] {[34msequential_executor.py:[0m74} INFO[0m - Executing command: ['airflow', 'tasks', 'run', 'courtlistener_pipeline', 'process_single_docket_with_main_pipeline', 'scheduled__2025-09-15T00:00:00+00:00', '--local', '--subdir', 'DAGS_FOLDER/__pycache__/courtlistener_pipeline_dag.py', '--map-index', '6'][0m
[[34m2025-09-16T18:44:11.164-0400[0m] {[34mdagbag.py:[0m536} INFO[0m - Filling up the DagBag from /root/lawlm/airflow/dags/__pycache__/courtlistener_pipeline_dag.py[0m
[[34m2025-09-16T18:44:17.779-0400[0m] {[34mconfig.py:[0m264} INFO[0m - ✅ Qdrant local connection successful: http://localhost:6333[0m
[[34m2025-09-16T18:44:17.780-0400[0m] {[34mconfig.py:[0m282} INFO[0m - ✅ Configuration validation passed[0m
[[34m2025-09-16T18:44:17.781-0400[0m] {[34mconfig.py:[0m372} INFO[0m - 📋 Using default configuration (no config file found)[0m
Changing /root/lawlm/airflow/logs/dag_id=courtlistener_pipeline/run_id=scheduled__2025-09-15T00:00:00+00:00/task_id=process_single_docket_with_main_pipeline/map_index=6 permission to 509
[[34m2025-09-16T18:44:18.019-0400[0m] {[34mtask_command.py:[0m416} INFO[0m - Running <TaskInstance: courtlistener_pipeline.process_single_docket_with_main_pipeline scheduled__2025-09-15T00:00:00+00:00 map_index=6 [queued]> on host LAPTOP-SA7523HO.localdomain[0m
[[34m2025-09-16T18:44:33.528-0400[0m] {[34msequential_executor.py:[0m74} INFO[0m - Executing command: ['airflow', 'tasks', 'run', 'courtlistener_pipeline', 'process_single_docket_with_main_pipeline', 'scheduled__2025-09-15T00:00:00+00:00', '--local', '--subdir', 'DAGS_FOLDER/__pycache__/courtlistener_pipeline_dag.py', '--map-index', '7'][0m
[[34m2025-09-16T18:44:34.406-0400[0m] {[34mdagbag.py:[0m536} INFO[0m - Filling up the DagBag from /root/lawlm/airflow/dags/__pycache__/courtlistener_pipeline_dag.py[0m
[[34m2025-09-16T18:44:40.529-0400[0m] {[34mconfig.py:[0m264} INFO[0m - ✅ Qdrant local connection successful: http://localhost:6333[0m
[[34m2025-09-16T18:44:40.529-0400[0m] {[34mconfig.py:[0m282} INFO[0m - ✅ Configuration validation passed[0m
[[34m2025-09-16T18:44:40.529-0400[0m] {[34mconfig.py:[0m372} INFO[0m - 📋 Using default configuration (no config file found)[0m
Changing /root/lawlm/airflow/logs/dag_id=courtlistener_pipeline/run_id=scheduled__2025-09-15T00:00:00+00:00/task_id=process_single_docket_with_main_pipeline/map_index=7 permission to 509
[[34m2025-09-16T18:44:40.636-0400[0m] {[34mtask_command.py:[0m416} INFO[0m - Running <TaskInstance: courtlistener_pipeline.process_single_docket_with_main_pipeline scheduled__2025-09-15T00:00:00+00:00 map_index=7 [queued]> on host LAPTOP-SA7523HO.localdomain[0m
[[34m2025-09-16T18:44:50.577-0400[0m] {[34msequential_executor.py:[0m74} INFO[0m - Executing command: ['airflow', 'tasks', 'run', 'courtlistener_pipeline', 'process_single_docket_with_main_pipeline', 'scheduled__2025-09-15T00:00:00+00:00', '--local', '--subdir', 'DAGS_FOLDER/__pycache__/courtlistener_pipeline_dag.py', '--map-index', '8'][0m
[[34m2025-09-16T18:44:51.369-0400[0m] {[34mdagbag.py:[0m536} INFO[0m - Filling up the DagBag from /root/lawlm/airflow/dags/__pycache__/courtlistener_pipeline_dag.py[0m
[[34m2025-09-16T18:44:57.074-0400[0m] {[34mconfig.py:[0m264} INFO[0m - ✅ Qdrant local connection successful: http://localhost:6333[0m
[[34m2025-09-16T18:44:57.075-0400[0m] {[34mconfig.py:[0m282} INFO[0m - ✅ Configuration validation passed[0m
[[34m2025-09-16T18:44:57.075-0400[0m] {[34mconfig.py:[0m372} INFO[0m - 📋 Using default configuration (no config file found)[0m
Changing /root/lawlm/airflow/logs/dag_id=courtlistener_pipeline/run_id=scheduled__2025-09-15T00:00:00+00:00/task_id=process_single_docket_with_main_pipeline/map_index=8 permission to 509
[[34m2025-09-16T18:44:57.192-0400[0m] {[34mtask_command.py:[0m416} INFO[0m - Running <TaskInstance: courtlistener_pipeline.process_single_docket_with_main_pipeline scheduled__2025-09-15T00:00:00+00:00 map_index=8 [queued]> on host LAPTOP-SA7523HO.localdomain[0m
[[34m2025-09-16T18:45:07.160-0400[0m] {[34mscheduler_job_runner.py:[0m685} INFO[0m - Received executor event with state success for task instance TaskInstanceKey(dag_id='courtlistener_pipeline', task_id='get_existing_dockets', run_id='manual__2025-09-16T22:40:52.894670+00:00', try_number=2, map_index=-1)[0m
[[34m2025-09-16T18:45:07.160-0400[0m] {[34mscheduler_job_runner.py:[0m685} INFO[0m - Received executor event with state success for task instance TaskInstanceKey(dag_id='courtlistener_pipeline', task_id='process_single_docket_with_main_pipeline', run_id='scheduled__2025-09-15T00:00:00+00:00', try_number=1, map_index=0)[0m
[[34m2025-09-16T18:45:07.161-0400[0m] {[34mscheduler_job_runner.py:[0m685} INFO[0m - Received executor event with state success for task instance TaskInstanceKey(dag_id='courtlistener_pipeline', task_id='process_single_docket_with_main_pipeline', run_id='scheduled__2025-09-15T00:00:00+00:00', try_number=1, map_index=1)[0m
[[34m2025-09-16T18:45:07.161-0400[0m] {[34mscheduler_job_runner.py:[0m685} INFO[0m - Received executor event with state success for task instance TaskInstanceKey(dag_id='courtlistener_pipeline', task_id='process_single_docket_with_main_pipeline', run_id='scheduled__2025-09-15T00:00:00+00:00', try_number=1, map_index=2)[0m
[[34m2025-09-16T18:45:07.161-0400[0m] {[34mscheduler_job_runner.py:[0m685} INFO[0m - Received executor event with state success for task instance TaskInstanceKey(dag_id='courtlistener_pipeline', task_id='process_single_docket_with_main_pipeline', run_id='scheduled__2025-09-15T00:00:00+00:00', try_number=1, map_index=3)[0m
[[34m2025-09-16T18:45:07.161-0400[0m] {[34mscheduler_job_runner.py:[0m685} INFO[0m - Received executor event with state success for task instance TaskInstanceKey(dag_id='courtlistener_pipeline', task_id='process_single_docket_with_main_pipeline', run_id='scheduled__2025-09-15T00:00:00+00:00', try_number=1, map_index=4)[0m
[[34m2025-09-16T18:45:07.161-0400[0m] {[34mscheduler_job_runner.py:[0m685} INFO[0m - Received executor event with state success for task instance TaskInstanceKey(dag_id='courtlistener_pipeline', task_id='process_single_docket_with_main_pipeline', run_id='scheduled__2025-09-15T00:00:00+00:00', try_number=1, map_index=5)[0m
[[34m2025-09-16T18:45:07.161-0400[0m] {[34mscheduler_job_runner.py:[0m685} INFO[0m - Received executor event with state success for task instance TaskInstanceKey(dag_id='courtlistener_pipeline', task_id='process_single_docket_with_main_pipeline', run_id='scheduled__2025-09-15T00:00:00+00:00', try_number=1, map_index=6)[0m
[[34m2025-09-16T18:45:07.161-0400[0m] {[34mscheduler_job_runner.py:[0m685} INFO[0m - Received executor event with state success for task instance TaskInstanceKey(dag_id='courtlistener_pipeline', task_id='process_single_docket_with_main_pipeline', run_id='scheduled__2025-09-15T00:00:00+00:00', try_number=1, map_index=7)[0m
[[34m2025-09-16T18:45:07.161-0400[0m] {[34mscheduler_job_runner.py:[0m685} INFO[0m - Received executor event with state success for task instance TaskInstanceKey(dag_id='courtlistener_pipeline', task_id='process_single_docket_with_main_pipeline', run_id='scheduled__2025-09-15T00:00:00+00:00', try_number=1, map_index=8)[0m
[[34m2025-09-16T18:45:07.170-0400[0m] {[34mscheduler_job_runner.py:[0m722} INFO[0m - TaskInstance Finished: dag_id=courtlistener_pipeline, task_id=process_single_docket_with_main_pipeline, run_id=scheduled__2025-09-15T00:00:00+00:00, map_index=0, run_start_date=2025-09-16 22:42:20.953714+00:00, run_end_date=2025-09-16 22:42:33.517154+00:00, run_duration=12.56344, state=success, executor_state=success, try_number=1, max_tries=3, job_id=9, pool=courtlistener_api_pool, queue=default, priority_weight=2, operator=_PythonDecoratedOperator, queued_dttm=2025-09-16 22:42:05.329268+00:00, queued_by_job_id=1, pid=568220[0m
[[34m2025-09-16T18:45:07.170-0400[0m] {[34mscheduler_job_runner.py:[0m722} INFO[0m - TaskInstance Finished: dag_id=courtlistener_pipeline, task_id=process_single_docket_with_main_pipeline, run_id=scheduled__2025-09-15T00:00:00+00:00, map_index=1, run_start_date=2025-09-16 22:42:41.958282+00:00, run_end_date=2025-09-16 22:42:54.262228+00:00, run_duration=12.303946, state=success, executor_state=success, try_number=1, max_tries=3, job_id=10, pool=courtlistener_api_pool, queue=default, priority_weight=2, operator=_PythonDecoratedOperator, queued_dttm=2025-09-16 22:42:05.329268+00:00, queued_by_job_id=1, pid=568361[0m
[[34m2025-09-16T18:45:07.170-0400[0m] {[34mscheduler_job_runner.py:[0m722} INFO[0m - TaskInstance Finished: dag_id=courtlistener_pipeline, task_id=process_single_docket_with_main_pipeline, run_id=scheduled__2025-09-15T00:00:00+00:00, map_index=2, run_start_date=2025-09-16 22:43:02.777606+00:00, run_end_date=2025-09-16 22:43:09.881620+00:00, run_duration=7.104014, state=success, executor_state=success, try_number=1, max_tries=3, job_id=11, pool=courtlistener_api_pool, queue=default, priority_weight=2, operator=_PythonDecoratedOperator, queued_dttm=2025-09-16 22:42:05.329268+00:00, queued_by_job_id=1, pid=568670[0m
[[34m2025-09-16T18:45:07.171-0400[0m] {[34mscheduler_job_runner.py:[0m722} INFO[0m - TaskInstance Finished: dag_id=courtlistener_pipeline, task_id=process_single_docket_with_main_pipeline, run_id=scheduled__2025-09-15T00:00:00+00:00, map_index=3, run_start_date=2025-09-16 22:43:18.697492+00:00, run_end_date=2025-09-16 22:43:25.830666+00:00, run_duration=7.133174, state=success, executor_state=success, try_number=1, max_tries=3, job_id=12, pool=courtlistener_api_pool, queue=default, priority_weight=2, operator=_PythonDecoratedOperator, queued_dttm=2025-09-16 22:42:05.329268+00:00, queued_by_job_id=1, pid=568756[0m
[[34m2025-09-16T18:45:07.171-0400[0m] {[34mscheduler_job_runner.py:[0m722} INFO[0m - TaskInstance Finished: dag_id=courtlistener_pipeline, task_id=process_single_docket_with_main_pipeline, run_id=scheduled__2025-09-15T00:00:00+00:00, map_index=4, run_start_date=2025-09-16 22:43:34.818538+00:00, run_end_date=2025-09-16 22:43:52.045736+00:00, run_duration=17.227198, state=success, executor_state=success, try_number=1, max_tries=3, job_id=13, pool=courtlistener_api_pool, queue=default, priority_weight=2, operator=_PythonDecoratedOperator, queued_dttm=2025-09-16 22:42:05.329268+00:00, queued_by_job_id=1, pid=568836[0m
[[34m2025-09-16T18:45:07.171-0400[0m] {[34mscheduler_job_runner.py:[0m722} INFO[0m - TaskInstance Finished: dag_id=courtlistener_pipeline, task_id=process_single_docket_with_main_pipeline, run_id=scheduled__2025-09-15T00:00:00+00:00, map_index=5, run_start_date=2025-09-16 22:44:00.216857+00:00, run_end_date=2025-09-16 22:44:08.686225+00:00, run_duration=8.469368, state=success, executor_state=success, try_number=1, max_tries=3, job_id=14, pool=courtlistener_api_pool, queue=default, priority_weight=2, operator=_PythonDecoratedOperator, queued_dttm=2025-09-16 22:42:05.329268+00:00, queued_by_job_id=1, pid=568927[0m
[[34m2025-09-16T18:45:07.171-0400[0m] {[34mscheduler_job_runner.py:[0m722} INFO[0m - TaskInstance Finished: dag_id=courtlistener_pipeline, task_id=process_single_docket_with_main_pipeline, run_id=scheduled__2025-09-15T00:00:00+00:00, map_index=6, run_start_date=2025-09-16 22:44:18.173780+00:00, run_end_date=2025-09-16 22:44:31.808683+00:00, run_duration=13.634903, state=success, executor_state=success, try_number=1, max_tries=3, job_id=15, pool=courtlistener_api_pool, queue=default, priority_weight=2, operator=_PythonDecoratedOperator, queued_dttm=2025-09-16 22:42:05.329268+00:00, queued_by_job_id=1, pid=569226[0m
[[34m2025-09-16T18:45:07.171-0400[0m] {[34mscheduler_job_runner.py:[0m722} INFO[0m - TaskInstance Finished: dag_id=courtlistener_pipeline, task_id=process_single_docket_with_main_pipeline, run_id=scheduled__2025-09-15T00:00:00+00:00, map_index=7, run_start_date=2025-09-16 22:44:40.720173+00:00, run_end_date=2025-09-16 22:44:48.920463+00:00, run_duration=8.20029, state=success, executor_state=success, try_number=1, max_tries=3, job_id=16, pool=courtlistener_api_pool, queue=default, priority_weight=2, operator=_PythonDecoratedOperator, queued_dttm=2025-09-16 22:42:05.329268+00:00, queued_by_job_id=1, pid=569321[0m
[[34m2025-09-16T18:45:07.171-0400[0m] {[34mscheduler_job_runner.py:[0m722} INFO[0m - TaskInstance Finished: dag_id=courtlistener_pipeline, task_id=process_single_docket_with_main_pipeline, run_id=scheduled__2025-09-15T00:00:00+00:00, map_index=8, run_start_date=2025-09-16 22:44:57.278146+00:00, run_end_date=2025-09-16 22:45:05.316048+00:00, run_duration=8.037902, state=success, executor_state=success, try_number=1, max_tries=3, job_id=17, pool=courtlistener_api_pool, queue=default, priority_weight=2, operator=_PythonDecoratedOperator, queued_dttm=2025-09-16 22:42:05.329268+00:00, queued_by_job_id=1, pid=569604[0m
[[34m2025-09-16T18:45:07.172-0400[0m] {[34mscheduler_job_runner.py:[0m722} INFO[0m - TaskInstance Finished: dag_id=courtlistener_pipeline, task_id=get_existing_dockets, run_id=manual__2025-09-16T22:40:52.894670+00:00, map_index=-1, run_start_date=2025-09-16 22:41:34.666252+00:00, run_end_date=2025-09-16 22:41:36.897724+00:00, run_duration=2.231472, state=None, executor_state=success, try_number=2, max_tries=4, job_id=5, pool=courtlistener_api_pool, queue=default, priority_weight=4, operator=_PythonDecoratedOperator, queued_dttm=2025-09-16 22:42:05.329268+00:00, queued_by_job_id=1, pid=567838[0m
[[34m2025-09-16T18:45:07.183-0400[0m] {[34mmanager.py:[0m302} ERROR[0m - DagFileProcessorManager (PID=566267) last sent a heartbeat 181.92 seconds ago! Restarting it[0m
[[34m2025-09-16T18:45:07.188-0400[0m] {[34mprocess_utils.py:[0m131} INFO[0m - Sending Signals.SIGTERM to group 566267. PIDs of all processes in the group: [566267][0m
[[34m2025-09-16T18:45:07.188-0400[0m] {[34mprocess_utils.py:[0m86} INFO[0m - Sending the signal Signals.SIGTERM to group 566267[0m
[[34m2025-09-16T18:45:07.402-0400[0m] {[34mprocess_utils.py:[0m79} INFO[0m - Process psutil.Process(pid=566267, status='terminated', exitcode=0, started='18:39:37') (566267) terminated with exit code 0[0m
[[34m2025-09-16T18:45:07.410-0400[0m] {[34mmanager.py:[0m166} INFO[0m - Launched DagFileProcessorManager with pid: 570022[0m
[[34m2025-09-16T18:45:07.426-0400[0m] {[34msettings.py:[0m61} INFO[0m - Configured default timezone Timezone('UTC')[0m
[2025-09-16T18:45:07.474-0400] {manager.py:410} WARNING - Because we cannot use more than 1 thread (parsing_processes = 2) when using sqlite. So we set parallelism to 1.
[[34m2025-09-16T18:45:07.482-0400[0m] {[34mscheduler_job_runner.py:[0m1605} INFO[0m - Adopting or resetting orphaned tasks for active dag runs[0m
[[34m2025-09-16T18:45:07.487-0400[0m] {[34mscheduler_job_runner.py:[0m1628} INFO[0m - Marked 1 SchedulerJob instances as failed[0m
[[34m2025-09-16T18:45:14.491-0400[0m] {[34mscheduler_job_runner.py:[0m413} INFO[0m - 1 tasks up for execution:
	<TaskInstance: courtlistener_pipeline.process_single_docket_with_main_pipeline scheduled__2025-09-15T00:00:00+00:00 map_index=9 [scheduled]>[0m
[[34m2025-09-16T18:45:14.491-0400[0m] {[34mscheduler_job_runner.py:[0m476} INFO[0m - DAG courtlistener_pipeline has 0/16 running and queued tasks[0m
[[34m2025-09-16T18:45:14.491-0400[0m] {[34mscheduler_job_runner.py:[0m592} INFO[0m - Setting the following tasks to queued state:
	<TaskInstance: courtlistener_pipeline.process_single_docket_with_main_pipeline scheduled__2025-09-15T00:00:00+00:00 map_index=9 [scheduled]>[0m
[[34m2025-09-16T18:45:14.493-0400[0m] {[34mtaskinstance.py:[0m1441} WARNING[0m - cannot record scheduled_duration for task process_single_docket_with_main_pipeline because previous state change time has not been saved[0m
[[34m2025-09-16T18:45:14.493-0400[0m] {[34mscheduler_job_runner.py:[0m635} INFO[0m - Sending TaskInstanceKey(dag_id='courtlistener_pipeline', task_id='process_single_docket_with_main_pipeline', run_id='scheduled__2025-09-15T00:00:00+00:00', try_number=1, map_index=9) to executor with priority 2 and queue default[0m
[[34m2025-09-16T18:45:14.494-0400[0m] {[34mbase_executor.py:[0m146} INFO[0m - Adding to queue: ['airflow', 'tasks', 'run', 'courtlistener_pipeline', 'process_single_docket_with_main_pipeline', 'scheduled__2025-09-15T00:00:00+00:00', '--local', '--subdir', 'DAGS_FOLDER/__pycache__/courtlistener_pipeline_dag.py', '--map-index', '9'][0m
[[34m2025-09-16T18:45:14.504-0400[0m] {[34msequential_executor.py:[0m74} INFO[0m - Executing command: ['airflow', 'tasks', 'run', 'courtlistener_pipeline', 'process_single_docket_with_main_pipeline', 'scheduled__2025-09-15T00:00:00+00:00', '--local', '--subdir', 'DAGS_FOLDER/__pycache__/courtlistener_pipeline_dag.py', '--map-index', '9'][0m
[[34m2025-09-16T18:45:15.543-0400[0m] {[34mdagbag.py:[0m536} INFO[0m - Filling up the DagBag from /root/lawlm/airflow/dags/__pycache__/courtlistener_pipeline_dag.py[0m
[[34m2025-09-16T18:45:22.218-0400[0m] {[34mconfig.py:[0m264} INFO[0m - ✅ Qdrant local connection successful: http://localhost:6333[0m
[[34m2025-09-16T18:45:22.218-0400[0m] {[34mconfig.py:[0m282} INFO[0m - ✅ Configuration validation passed[0m
[[34m2025-09-16T18:45:22.218-0400[0m] {[34mconfig.py:[0m372} INFO[0m - 📋 Using default configuration (no config file found)[0m
Changing /root/lawlm/airflow/logs/dag_id=courtlistener_pipeline/run_id=scheduled__2025-09-15T00:00:00+00:00/task_id=process_single_docket_with_main_pipeline/map_index=9 permission to 509
[[34m2025-09-16T18:45:22.360-0400[0m] {[34mtask_command.py:[0m416} INFO[0m - Running <TaskInstance: courtlistener_pipeline.process_single_docket_with_main_pipeline scheduled__2025-09-15T00:00:00+00:00 map_index=9 [queued]> on host LAPTOP-SA7523HO.localdomain[0m
[[34m2025-09-16T18:45:31.216-0400[0m] {[34mscheduler_job_runner.py:[0m685} INFO[0m - Received executor event with state success for task instance TaskInstanceKey(dag_id='courtlistener_pipeline', task_id='process_single_docket_with_main_pipeline', run_id='scheduled__2025-09-15T00:00:00+00:00', try_number=1, map_index=9)[0m
[[34m2025-09-16T18:45:31.222-0400[0m] {[34mscheduler_job_runner.py:[0m722} INFO[0m - TaskInstance Finished: dag_id=courtlistener_pipeline, task_id=process_single_docket_with_main_pipeline, run_id=scheduled__2025-09-15T00:00:00+00:00, map_index=9, run_start_date=2025-09-16 22:45:22.465842+00:00, run_end_date=2025-09-16 22:45:29.705533+00:00, run_duration=7.239691, state=success, executor_state=success, try_number=1, max_tries=3, job_id=18, pool=courtlistener_api_pool, queue=default, priority_weight=2, operator=_PythonDecoratedOperator, queued_dttm=2025-09-16 22:45:14.492178+00:00, queued_by_job_id=1, pid=570163[0m
[[34m2025-09-16T18:45:31.276-0400[0m] {[34mscheduler_job_runner.py:[0m413} INFO[0m - 1 tasks up for execution:
	<TaskInstance: courtlistener_pipeline.pipeline_summary scheduled__2025-09-15T00:00:00+00:00 [scheduled]>[0m
[[34m2025-09-16T18:45:31.276-0400[0m] {[34mscheduler_job_runner.py:[0m476} INFO[0m - DAG courtlistener_pipeline has 0/16 running and queued tasks[0m
[[34m2025-09-16T18:45:31.276-0400[0m] {[34mscheduler_job_runner.py:[0m592} INFO[0m - Setting the following tasks to queued state:
	<TaskInstance: courtlistener_pipeline.pipeline_summary scheduled__2025-09-15T00:00:00+00:00 [scheduled]>[0m
[[34m2025-09-16T18:45:31.277-0400[0m] {[34mtaskinstance.py:[0m1441} WARNING[0m - cannot record scheduled_duration for task pipeline_summary because previous state change time has not been saved[0m
[[34m2025-09-16T18:45:31.277-0400[0m] {[34mscheduler_job_runner.py:[0m635} INFO[0m - Sending TaskInstanceKey(dag_id='courtlistener_pipeline', task_id='pipeline_summary', run_id='scheduled__2025-09-15T00:00:00+00:00', try_number=1, map_index=-1) to executor with priority 1 and queue default[0m
[[34m2025-09-16T18:45:31.277-0400[0m] {[34mbase_executor.py:[0m146} INFO[0m - Adding to queue: ['airflow', 'tasks', 'run', 'courtlistener_pipeline', 'pipeline_summary', 'scheduled__2025-09-15T00:00:00+00:00', '--local', '--subdir', 'DAGS_FOLDER/__pycache__/courtlistener_pipeline_dag.py'][0m
[[34m2025-09-16T18:45:31.286-0400[0m] {[34msequential_executor.py:[0m74} INFO[0m - Executing command: ['airflow', 'tasks', 'run', 'courtlistener_pipeline', 'pipeline_summary', 'scheduled__2025-09-15T00:00:00+00:00', '--local', '--subdir', 'DAGS_FOLDER/__pycache__/courtlistener_pipeline_dag.py'][0m
[[34m2025-09-16T18:45:31.993-0400[0m] {[34mdagbag.py:[0m536} INFO[0m - Filling up the DagBag from /root/lawlm/airflow/dags/__pycache__/courtlistener_pipeline_dag.py[0m
[[34m2025-09-16T18:45:37.385-0400[0m] {[34mconfig.py:[0m264} INFO[0m - ✅ Qdrant local connection successful: http://localhost:6333[0m
[[34m2025-09-16T18:45:37.385-0400[0m] {[34mconfig.py:[0m282} INFO[0m - ✅ Configuration validation passed[0m
[[34m2025-09-16T18:45:37.386-0400[0m] {[34mconfig.py:[0m372} INFO[0m - 📋 Using default configuration (no config file found)[0m
Changing /root/lawlm/airflow/logs/dag_id=courtlistener_pipeline/run_id=scheduled__2025-09-15T00:00:00+00:00/task_id=pipeline_summary permission to 509
[[34m2025-09-16T18:45:37.494-0400[0m] {[34mtask_command.py:[0m416} INFO[0m - Running <TaskInstance: courtlistener_pipeline.pipeline_summary scheduled__2025-09-15T00:00:00+00:00 [queued]> on host LAPTOP-SA7523HO.localdomain[0m
[[34m2025-09-16T18:45:39.451-0400[0m] {[34mscheduler_job_runner.py:[0m685} INFO[0m - Received executor event with state success for task instance TaskInstanceKey(dag_id='courtlistener_pipeline', task_id='pipeline_summary', run_id='scheduled__2025-09-15T00:00:00+00:00', try_number=1, map_index=-1)[0m
[[34m2025-09-16T18:45:39.456-0400[0m] {[34mscheduler_job_runner.py:[0m722} INFO[0m - TaskInstance Finished: dag_id=courtlistener_pipeline, task_id=pipeline_summary, run_id=scheduled__2025-09-15T00:00:00+00:00, map_index=-1, run_start_date=2025-09-16 22:45:37.545525+00:00, run_end_date=2025-09-16 22:45:37.797400+00:00, run_duration=0.251875, state=success, executor_state=success, try_number=1, max_tries=3, job_id=19, pool=courtlistener_api_pool, queue=default, priority_weight=1, operator=_PythonDecoratedOperator, queued_dttm=2025-09-16 22:45:31.276932+00:00, queued_by_job_id=1, pid=570273[0m
[[34m2025-09-16T18:45:39.498-0400[0m] {[34mdagrun.py:[0m653} INFO[0m - Marking run <DagRun courtlistener_pipeline @ 2025-09-15 00:00:00+00:00: scheduled__2025-09-15T00:00:00+00:00, state:running, queued_at: 2025-09-16 22:41:00.293379+00:00. externally triggered: False> successful[0m
[[34m2025-09-16T18:45:39.499-0400[0m] {[34mdagrun.py:[0m704} INFO[0m - DagRun Finished: dag_id=courtlistener_pipeline, execution_date=2025-09-15 00:00:00+00:00, run_id=scheduled__2025-09-15T00:00:00+00:00, run_start_date=2025-09-16 22:41:00.318692+00:00, run_end_date=2025-09-16 22:45:39.499295+00:00, run_duration=279.180603, state=success, external_trigger=False, run_type=scheduled, data_interval_start=2025-09-15 00:00:00+00:00, data_interval_end=2025-09-16 00:00:00+00:00, dag_hash=c88fd5ba0438e5fb3dfc303b638e05dd[0m
[[34m2025-09-16T18:45:39.503-0400[0m] {[34mdag.py:[0m3722} INFO[0m - Setting next_dagrun for courtlistener_pipeline to 2025-09-16T00:00:00+00:00, run_after=2025-09-17T00:00:00+00:00[0m
